Build started 11/6/2014 4:36:03 PM.
     1>Project "c:\Users\amir-acer\documents\visual studio 2013\Projects\CS459-HW-3\CS459-HW-3\CS459-HW-3.vcxproj" on node 2 (Build target(s)).
     1>ClCompile:
         C:\Program Files (x86)\Microsoft Visual Studio 12.0\VC\bin\CL.exe /c /Zi /nologo /W3 /WX- /O2 /Oi /Oy- /GL /D WIN32 /D NDEBUG /D _CONSOLE /D _LIB /D _UNICODE /D UNICODE /Gm- /EHsc /MD /GS /Gy /fp:precise /Zc:wchar_t /Zc:forScope /Fo"Release\\" /Fd"Release\vc120.pdb" /Gd /TP /analyze- /errorReport:prompt "CS459-HW-3.cpp" Source.cpp stdafx.cpp
         CS459-HW-3.cpp
         Source.cpp
         stdafx.cpp
       Link:
         C:\Program Files (x86)\Microsoft Visual Studio 12.0\VC\bin\link.exe /ERRORREPORT:PROMPT /OUT:"c:\users\amir-acer\documents\visual studio 2013\Projects\CS459-HW-3\Release\CS459-HW-3.exe" /INCREMENTAL:NO /NOLOGO kernel32.lib user32.lib gdi32.lib winspool.lib comdlg32.lib advapi32.lib shell32.lib ole32.lib oleaut32.lib uuid.lib odbc32.lib odbccp32.lib /MANIFEST /MANIFESTUAC:"level='asInvoker' uiAccess='false'" /manifest:embed /DEBUG /PDB:"c:\users\amir-acer\documents\visual studio 2013\Projects\CS459-HW-3\Release\CS459-HW-3.pdb" /SUBSYSTEM:CONSOLE /OPT:REF /OPT:ICF /LTCG /TLBID:1 /DYNAMICBASE /NXCOMPAT /IMPLIB:"c:\users\amir-acer\documents\visual studio 2013\Projects\CS459-HW-3\Release\CS459-HW-3.lib" /MACHINE:X86 /SAFESEH "Release\CS459-HW-3.obj"
         Release\Source.obj
         Release\stdafx.obj
     1>LINK : warning LNK4067: ambiguous entry point; selected 'mainCRTStartup'
         Generating code
         Finished generating code
     1>glut32.lib(glut32.dll) : error LNK2026: module unsafe for SAFESEH image.
     1>glut32.lib(glut32.dll) : error LNK2026: module unsafe for SAFESEH image.
     1>glut32.lib(glut32.dll) : error LNK2026: module unsafe for SAFESEH image.
     1>glut32.lib(glut32.dll) : error LNK2026: module unsafe for SAFESEH image.
     1>glut32.lib(glut32.dll) : error LNK2026: module unsafe for SAFESEH image.
     1>glut32.lib(glut32.dll) : error LNK2026: module unsafe for SAFESEH image.
     1>glut32.lib(glut32.dll) : error LNK2026: module unsafe for SAFESEH image.
     1>glut32.lib(glut32.dll) : error LNK2026: module unsafe for SAFESEH image.
     1>glut32.lib(glut32.dll) : error LNK2026: module unsafe for SAFESEH image.
     1>glut32.lib(glut32.dll) : error LNK2026: module unsafe for SAFESEH image.
     1>glut32.lib(glut32.dll) : error LNK2026: module unsafe for SAFESEH image.
     1>glut32.lib(glut32.dll) : error LNK2026: module unsafe for SAFESEH image.
     1>glut32.lib(glut32.dll) : error LNK2026: module unsafe for SAFESEH image.
     1>c:\users\amir-acer\documents\visual studio 2013\Projects\CS459-HW-3\Release\CS459-HW-3.exe : fatal error LNK1281: Unable to generate SAFESEH image.
     1>Done Building Project "c:\Users\amir-acer\documents\visual studio 2013\Projects\CS459-HW-3\CS459-HW-3\CS459-HW-3.vcxproj" (Build target(s)) -- FAILED.

Build FAILED.

Time Elapsed 00:00:00.47
